Base path: 'C:/Program Files/unity/2019.4.11f1/Editor/Data', plugins path 'C:/Program Files/unity/2019.4.11f1/Editor/Data/PlaybackEngines'
Cmd: initializeCompiler
Cmd: preprocessCompute
  insize=7042 outsize=7044 ok=1
Cmd: compileComputeKernel
  error: 2 plat 4 at 1.vfx(16): failed to open source file: 'Packages/com.unity.render-pipelines.high-definition/Runtime/VFXGraph/Shaders/VFXDefines.hlsl'
  api=4 insize=7044 outsize=0 ok=0
Cmd: preprocessCompute
  insize=8361 outsize=8363 ok=1
Cmd: compileComputeKernel
  error: 2 plat 4 at 1.vfx(16): failed to open source file: 'Packages/com.unity.render-pipelines.high-definition/Runtime/VFXGraph/Shaders/VFXDefines.hlsl'
  api=4 insize=8363 outsize=0 ok=0
Cmd: preprocess
  insize=53507 outsize=629 ok=1
Cmd: preprocessCompute
  insize=1976 outsize=1978 ok=1
Cmd: compileComputeKernel
  error: 2 plat 4 at 1.vfx(10): failed to open source file: 'Packages/com.unity.render-pipelines.high-definition/Runtime/VFXGraph/Shaders/VFXDefines.hlsl'
  api=4 insize=1978 outsize=0 ok=0
Cmd: compileSnippet
  api=4 type=0 insize=731 outsize=858 kw= pd=UNITY_ENABLE_REFLECTION_BUFFERS UNITY_USE_DITHER_MASK_FOR_ALPHABLENDED_SHADOWS UNITY_PBS_USE_BRDF1 UNITY_SPECCUBE_BOX_PROJECTION UNITY_SPECCUBE_BLENDING UNITY_ENABLE_DETAIL_NORMALMAP SHADER_API_DESKTOP UNITY_COLORSPACE_GAMMA UNITY_LIGHT_PROBE_PROXY_VOLUME UNITY_LIGHTMAP_FULL_HDR ok=1
Cmd: compileSnippet
  api=4 type=1 insize=731 outsize=422 kw= pd=UNITY_ENABLE_REFLECTION_BUFFERS UNITY_USE_DITHER_MASK_FOR_ALPHABLENDED_SHADOWS UNITY_PBS_USE_BRDF1 UNITY_SPECCUBE_BOX_PROJECTION UNITY_SPECCUBE_BLENDING UNITY_ENABLE_DETAIL_NORMALMAP SHADER_API_DESKTOP UNITY_COLORSPACE_GAMMA UNITY_LIGHT_PROBE_PROXY_VOLUME UNITY_LIGHTMAP_FULL_HDR ok=1
Cmd: preprocess
  insize=2667 outsize=1124 ok=1
Cmd: compileSnippet
  api=4 type=0 insize=1984 outsize=914 kw= pd=UNITY_ENABLE_REFLECTION_BUFFERS UNITY_USE_DITHER_MASK_FOR_ALPHABLENDED_SHADOWS UNITY_PBS_USE_BRDF1 UNITY_SPECCUBE_BOX_PROJECTION UNITY_SPECCUBE_BLENDING UNITY_ENABLE_DETAIL_NORMALMAP SHADER_API_DESKTOP UNITY_COLORSPACE_GAMMA UNITY_LIGHT_PROBE_PROXY_VOLUME UNITY_LIGHTMAP_FULL_HDR ok=1
Cmd: compileSnippet
  api=4 type=1 insize=1984 outsize=906 kw= pd=UNITY_ENABLE_REFLECTION_BUFFERS UNITY_USE_DITHER_MASK_FOR_ALPHABLENDED_SHADOWS UNITY_PBS_USE_BRDF1 UNITY_SPECCUBE_BOX_PROJECTION UNITY_SPECCUBE_BLENDING UNITY_ENABLE_DETAIL_NORMALMAP SHADER_API_DESKTOP UNITY_COLORSPACE_GAMMA UNITY_LIGHT_PROBE_PROXY_VOLUME UNITY_LIGHTMAP_FULL_HDR ok=1
Cmd: compileSnippet
  api=4 type=0 insize=1555 outsize=762 kw= pd=UNITY_ENABLE_REFLECTION_BUFFERS UNITY_USE_DITHER_MASK_FOR_ALPHABLENDED_SHADOWS UNITY_PBS_USE_BRDF1 UNITY_SPECCUBE_BOX_PROJECTION UNITY_SPECCUBE_BLENDING UNITY_ENABLE_DETAIL_NORMALMAP SHADER_API_DESKTOP UNITY_COLORSPACE_GAMMA UNITY_LIGHT_PROBE_PROXY_VOLUME UNITY_LIGHTMAP_FULL_HDR ok=1
Cmd: compileSnippet
  api=4 type=1 insize=1555 outsize=326 kw= pd=UNITY_ENABLE_REFLECTION_BUFFERS UNITY_USE_DITHER_MASK_FOR_ALPHABLENDED_SHADOWS UNITY_PBS_USE_BRDF1 UNITY_SPECCUBE_BOX_PROJECTION UNITY_SPECCUBE_BLENDING UNITY_ENABLE_DETAIL_NORMALMAP SHADER_API_DESKTOP UNITY_COLORSPACE_GAMMA UNITY_LIGHT_PROBE_PROXY_VOLUME UNITY_LIGHTMAP_FULL_HDR ok=1
Cmd: compileSnippet
  api=4 type=0 insize=1298 outsize=1414 kw=UNITY_PASS_SHADOWCASTER SHADOWS_DEPTH _SPECGLOSSMAP pd=UNITY_ENABLE_REFLECTION_BUFFERS UNITY_USE_DITHER_MASK_FOR_ALPHABLENDED_SHADOWS UNITY_PBS_USE_BRDF1 UNITY_SPECCUBE_BOX_PROJECTION UNITY_SPECCUBE_BLENDING UNITY_ENABLE_DETAIL_NORMALMAP SHADER_API_DESKTOP UNITY_COLORSPACE_GAMMA UNITY_LIGHT_PROBE_PROXY_VOLUME UNITY_LIGHTMAP_FULL_HDR ok=1
Cmd: compileSnippet
  api=4 type=1 insize=1298 outsize=218 kw=UNITY_PASS_SHADOWCASTER SHADOWS_DEPTH _SPECGLOSSMAP pd=UNITY_ENABLE_REFLECTION_BUFFERS UNITY_USE_DITHER_MASK_FOR_ALPHABLENDED_SHADOWS UNITY_PBS_USE_BRDF1 UNITY_SPECCUBE_BOX_PROJECTION UNITY_SPECCUBE_BLENDING UNITY_ENABLE_DETAIL_NORMALMAP SHADER_API_DESKTOP UNITY_COLORSPACE_GAMMA UNITY_LIGHT_PROBE_PROXY_VOLUME UNITY_LIGHTMAP_FULL_HDR ok=1
Cmd: compileSnippet
  api=4 type=0 insize=1598 outsize=2254 kw=UNITY_PASS_FORWARDBASE DIRECTIONAL LIGHTPROBE_SH _EMISSION _NORMALMAP _SPECGLOSSMAP pd=UNITY_ENABLE_REFLECTION_BUFFERS UNITY_USE_DITHER_MASK_FOR_ALPHABLENDED_SHADOWS UNITY_PBS_USE_BRDF1 UNITY_SPECCUBE_BOX_PROJECTION UNITY_SPECCUBE_BLENDING UNITY_ENABLE_DETAIL_NORMALMAP SHADER_API_DESKTOP UNITY_COLORSPACE_GAMMA UNITY_LIGHT_PROBE_PROXY_VOLUME UNITY_LIGHTMAP_FULL_HDR ok=1
Cmd: compileSnippet
  api=4 type=1 insize=1598 outsize=7302 kw=UNITY_PASS_FORWARDBASE DIRECTIONAL LIGHTPROBE_SH _EMISSION _NORMALMAP _SPECGLOSSMAP pd=UNITY_ENABLE_REFLECTION_BUFFERS UNITY_USE_DITHER_MASK_FOR_ALPHABLENDED_SHADOWS UNITY_PBS_USE_BRDF1 UNITY_SPECCUBE_BOX_PROJECTION UNITY_SPECCUBE_BLENDING UNITY_ENABLE_DETAIL_NORMALMAP SHADER_API_DESKTOP UNITY_COLORSPACE_GAMMA UNITY_LIGHT_PROBE_PROXY_VOLUME UNITY_LIGHTMAP_FULL_HDR ok=1
Cmd: compileSnippet
  api=4 type=0 insize=1455 outsize=2070 kw=UNITY_PASS_FORWARDADD DIRECTIONAL _NORMALMAP _SPECGLOSSMAP pd=UNITY_ENABLE_REFLECTION_BUFFERS UNITY_USE_DITHER_MASK_FOR_ALPHABLENDED_SHADOWS UNITY_PBS_USE_BRDF1 UNITY_SPECCUBE_BOX_PROJECTION UNITY_SPECCUBE_BLENDING UNITY_ENABLE_DETAIL_NORMALMAP SHADER_API_DESKTOP UNITY_COLORSPACE_GAMMA UNITY_LIGHT_PROBE_PROXY_VOLUME UNITY_LIGHTMAP_FULL_HDR ok=1
Cmd: compileSnippet
  api=4 type=1 insize=1455 outsize=3782 kw=UNITY_PASS_FORWARDADD DIRECTIONAL _NORMALMAP _SPECGLOSSMAP pd=UNITY_ENABLE_REFLECTION_BUFFERS UNITY_USE_DITHER_MASK_FOR_ALPHABLENDED_SHADOWS UNITY_PBS_USE_BRDF1 UNITY_SPECCUBE_BOX_PROJECTION UNITY_SPECCUBE_BLENDING UNITY_ENABLE_DETAIL_NORMALMAP SHADER_API_DESKTOP UNITY_COLORSPACE_GAMMA UNITY_LIGHT_PROBE_PROXY_VOLUME UNITY_LIGHTMAP_FULL_HDR ok=1
Cmd: compileSnippet
  api=4 type=0 insize=1598 outsize=2254 kw=UNITY_PASS_FORWARDBASE DIRECTIONAL LIGHTPROBE_SH _NORMALMAP _SPECGLOSSMAP pd=UNITY_ENABLE_REFLECTION_BUFFERS UNITY_USE_DITHER_MASK_FOR_ALPHABLENDED_SHADOWS UNITY_PBS_USE_BRDF1 UNITY_SPECCUBE_BOX_PROJECTION UNITY_SPECCUBE_BLENDING UNITY_ENABLE_DETAIL_NORMALMAP SHADER_API_DESKTOP UNITY_COLORSPACE_GAMMA UNITY_LIGHT_PROBE_PROXY_VOLUME UNITY_LIGHTMAP_FULL_HDR ok=1
Cmd: compileSnippet
  api=4 type=1 insize=1598 outsize=7198 kw=UNITY_PASS_FORWARDBASE DIRECTIONAL LIGHTPROBE_SH _NORMALMAP _SPECGLOSSMAP pd=UNITY_ENABLE_REFLECTION_BUFFERS UNITY_USE_DITHER_MASK_FOR_ALPHABLENDED_SHADOWS UNITY_PBS_USE_BRDF1 UNITY_SPECCUBE_BOX_PROJECTION UNITY_SPECCUBE_BLENDING UNITY_ENABLE_DETAIL_NORMALMAP SHADER_API_DESKTOP UNITY_COLORSPACE_GAMMA UNITY_LIGHT_PROBE_PROXY_VOLUME UNITY_LIGHTMAP_FULL_HDR ok=1
Cmd: compileSnippet
  api=4 type=0 insize=1298 outsize=1534 kw=UNITY_PASS_SHADOWCASTER SHADOWS_DEPTH _ALPHATEST_ON _SPECGLOSSMAP pd=UNITY_ENABLE_REFLECTION_BUFFERS UNITY_USE_DITHER_MASK_FOR_ALPHABLENDED_SHADOWS UNITY_PBS_USE_BRDF1 UNITY_SPECCUBE_BOX_PROJECTION UNITY_SPECCUBE_BLENDING UNITY_ENABLE_DETAIL_NORMALMAP SHADER_API_DESKTOP UNITY_COLORSPACE_GAMMA UNITY_LIGHT_PROBE_PROXY_VOLUME UNITY_LIGHTMAP_FULL_HDR ok=1
Cmd: compileSnippet
  api=4 type=1 insize=1298 outsize=442 kw=UNITY_PASS_SHADOWCASTER SHADOWS_DEPTH _ALPHATEST_ON _SPECGLOSSMAP pd=UNITY_ENABLE_REFLECTION_BUFFERS UNITY_USE_DITHER_MASK_FOR_ALPHABLENDED_SHADOWS UNITY_PBS_USE_BRDF1 UNITY_SPECCUBE_BOX_PROJECTION UNITY_SPECCUBE_BLENDING UNITY_ENABLE_DETAIL_NORMALMAP SHADER_API_DESKTOP UNITY_COLORSPACE_GAMMA UNITY_LIGHT_PROBE_PROXY_VOLUME UNITY_LIGHTMAP_FULL_HDR ok=1
Cmd: compileSnippet
  api=4 type=0 insize=1598 outsize=2254 kw=UNITY_PASS_FORWARDBASE DIRECTIONAL LIGHTPROBE_SH _NORMALMAP _ALPHATEST_ON _SPECGLOSSMAP pd=UNITY_ENABLE_REFLECTION_BUFFERS UNITY_USE_DITHER_MASK_FOR_ALPHABLENDED_SHADOWS UNITY_PBS_USE_BRDF1 UNITY_SPECCUBE_BOX_PROJECTION UNITY_SPECCUBE_BLENDING UNITY_ENABLE_DETAIL_NORMALMAP SHADER_API_DESKTOP UNITY_COLORSPACE_GAMMA UNITY_LIGHT_PROBE_PROXY_VOLUME UNITY_LIGHTMAP_FULL_HDR ok=1
Cmd: compileSnippet
  api=4 type=1 insize=1598 outsize=7286 kw=UNITY_PASS_FORWARDBASE DIRECTIONAL LIGHTPROBE_SH _NORMALMAP _ALPHATEST_ON _SPECGLOSSMAP pd=UNITY_ENABLE_REFLECTION_BUFFERS UNITY_USE_DITHER_MASK_FOR_ALPHABLENDED_SHADOWS UNITY_PBS_USE_BRDF1 UNITY_SPECCUBE_BOX_PROJECTION UNITY_SPECCUBE_BLENDING UNITY_ENABLE_DETAIL_NORMALMAP SHADER_API_DESKTOP UNITY_COLORSPACE_GAMMA UNITY_LIGHT_PROBE_PROXY_VOLUME UNITY_LIGHTMAP_FULL_HDR ok=1
Cmd: compileSnippet
  api=4 type=0 insize=1455 outsize=2070 kw=UNITY_PASS_FORWARDADD DIRECTIONAL _NORMALMAP _ALPHATEST_ON _SPECGLOSSMAP pd=UNITY_ENABLE_REFLECTION_BUFFERS UNITY_USE_DITHER_MASK_FOR_ALPHABLENDED_SHADOWS UNITY_PBS_USE_BRDF1 UNITY_SPECCUBE_BOX_PROJECTION UNITY_SPECCUBE_BLENDING UNITY_ENABLE_DETAIL_NORMALMAP SHADER_API_DESKTOP UNITY_COLORSPACE_GAMMA UNITY_LIGHT_PROBE_PROXY_VOLUME UNITY_LIGHTMAP_FULL_HDR ok=1
Cmd: compileSnippet
  api=4 type=1 insize=1455 outsize=3870 kw=UNITY_PASS_FORWARDADD DIRECTIONAL _NORMALMAP _ALPHATEST_ON _SPECGLOSSMAP pd=UNITY_ENABLE_REFLECTION_BUFFERS UNITY_USE_DITHER_MASK_FOR_ALPHABLENDED_SHADOWS UNITY_PBS_USE_BRDF1 UNITY_SPECCUBE_BOX_PROJECTION UNITY_SPECCUBE_BLENDING UNITY_ENABLE_DETAIL_NORMALMAP SHADER_API_DESKTOP UNITY_COLORSPACE_GAMMA UNITY_LIGHT_PROBE_PROXY_VOLUME UNITY_LIGHTMAP_FULL_HDR ok=1
Cmd: compileSnippet
  api=4 type=0 insize=1598 outsize=2254 kw=UNITY_PASS_FORWARDBASE DIRECTIONAL LIGHTPROBE_SH _EMISSION _NORMALMAP _SPECGLOSSMAP _DETAIL_MULX2 pd=UNITY_ENABLE_REFLECTION_BUFFERS UNITY_USE_DITHER_MASK_FOR_ALPHABLENDED_SHADOWS UNITY_PBS_USE_BRDF1 UNITY_SPECCUBE_BOX_PROJECTION UNITY_SPECCUBE_BLENDING UNITY_ENABLE_DETAIL_NORMALMAP SHADER_API_DESKTOP UNITY_COLORSPACE_GAMMA UNITY_LIGHT_PROBE_PROXY_VOLUME UNITY_LIGHTMAP_FULL_HDR ok=1
Cmd: compileSnippet
  api=4 type=1 insize=1598 outsize=8050 kw=UNITY_PASS_FORWARDBASE DIRECTIONAL LIGHTPROBE_SH _EMISSION _NORMALMAP _SPECGLOSSMAP _DETAIL_MULX2 pd=UNITY_ENABLE_REFLECTION_BUFFERS UNITY_USE_DITHER_MASK_FOR_ALPHABLENDED_SHADOWS UNITY_PBS_USE_BRDF1 UNITY_SPECCUBE_BOX_PROJECTION UNITY_SPECCUBE_BLENDING UNITY_ENABLE_DETAIL_NORMALMAP SHADER_API_DESKTOP UNITY_COLORSPACE_GAMMA UNITY_LIGHT_PROBE_PROXY_VOLUME UNITY_LIGHTMAP_FULL_HDR ok=1
Cmd: compileSnippet
  api=4 type=0 insize=1455 outsize=2070 kw=UNITY_PASS_FORWARDADD DIRECTIONAL _NORMALMAP _SPECGLOSSMAP _DETAIL_MULX2 pd=UNITY_ENABLE_REFLECTION_BUFFERS UNITY_USE_DITHER_MASK_FOR_ALPHABLENDED_SHADOWS UNITY_PBS_USE_BRDF1 UNITY_SPECCUBE_BOX_PROJECTION UNITY_SPECCUBE_BLENDING UNITY_ENABLE_DETAIL_NORMALMAP SHADER_API_DESKTOP UNITY_COLORSPACE_GAMMA UNITY_LIGHT_PROBE_PROXY_VOLUME UNITY_LIGHTMAP_FULL_HDR ok=1
Cmd: compileSnippet
  api=4 type=1 insize=1455 outsize=4530 kw=UNITY_PASS_FORWARDADD DIRECTIONAL _NORMALMAP _SPECGLOSSMAP _DETAIL_MULX2 pd=UNITY_ENABLE_REFLECTION_BUFFERS UNITY_USE_DITHER_MASK_FOR_ALPHABLENDED_SHADOWS UNITY_PBS_USE_BRDF1 UNITY_SPECCUBE_BOX_PROJECTION UNITY_SPECCUBE_BLENDING UNITY_ENABLE_DETAIL_NORMALMAP SHADER_API_DESKTOP UNITY_COLORSPACE_GAMMA UNITY_LIGHT_PROBE_PROXY_VOLUME UNITY_LIGHTMAP_FULL_HDR ok=1
Cmd: compileSnippet
  api=4 type=0 insize=731 outsize=858 kw=ETC1_EXTERNAL_ALPHA pd=UNITY_ENABLE_REFLECTION_BUFFERS UNITY_USE_DITHER_MASK_FOR_ALPHABLENDED_SHADOWS UNITY_PBS_USE_BRDF1 UNITY_SPECCUBE_BOX_PROJECTION UNITY_SPECCUBE_BLENDING UNITY_ENABLE_DETAIL_NORMALMAP SHADER_API_DESKTOP UNITY_COLORSPACE_GAMMA UNITY_LIGHT_PROBE_PROXY_VOLUME UNITY_LIGHTMAP_FULL_HDR ok=1
Cmd: compileSnippet
  api=4 type=1 insize=731 outsize=574 kw=ETC1_EXTERNAL_ALPHA pd=UNITY_ENABLE_REFLECTION_BUFFERS UNITY_USE_DITHER_MASK_FOR_ALPHABLENDED_SHADOWS UNITY_PBS_USE_BRDF1 UNITY_SPECCUBE_BOX_PROJECTION UNITY_SPECCUBE_BLENDING UNITY_ENABLE_DETAIL_NORMALMAP SHADER_API_DESKTOP UNITY_COLORSPACE_GAMMA UNITY_LIGHT_PROBE_PROXY_VOLUME UNITY_LIGHTMAP_FULL_HDR ok=1
Cmd: compileSnippet
  api=4 type=0 insize=1298 outsize=1414 kw=UNITY_PASS_SHADOWCASTER SHADOWS_DEPTH pd=UNITY_ENABLE_REFLECTION_BUFFERS UNITY_USE_DITHER_MASK_FOR_ALPHABLENDED_SHADOWS UNITY_PBS_USE_BRDF1 UNITY_SPECCUBE_BOX_PROJECTION UNITY_SPECCUBE_BLENDING UNITY_ENABLE_DETAIL_NORMALMAP SHADER_API_DESKTOP UNITY_COLORSPACE_GAMMA UNITY_LIGHT_PROBE_PROXY_VOLUME UNITY_LIGHTMAP_FULL_HDR ok=1
Cmd: compileSnippet
  api=4 type=1 insize=1298 outsize=218 kw=UNITY_PASS_SHADOWCASTER SHADOWS_DEPTH pd=UNITY_ENABLE_REFLECTION_BUFFERS UNITY_USE_DITHER_MASK_FOR_ALPHABLENDED_SHADOWS UNITY_PBS_USE_BRDF1 UNITY_SPECCUBE_BOX_PROJECTION UNITY_SPECCUBE_BLENDING UNITY_ENABLE_DETAIL_NORMALMAP SHADER_API_DESKTOP UNITY_COLORSPACE_GAMMA UNITY_LIGHT_PROBE_PROXY_VOLUME UNITY_LIGHTMAP_FULL_HDR ok=1
Cmd: compileSnippet
  api=4 type=0 insize=1598 outsize=1894 kw=UNITY_PASS_FORWARDBASE DIRECTIONAL LIGHTPROBE_SH pd=UNITY_ENABLE_REFLECTION_BUFFERS UNITY_USE_DITHER_MASK_FOR_ALPHABLENDED_SHADOWS UNITY_PBS_USE_BRDF1 UNITY_SPECCUBE_BOX_PROJECTION UNITY_SPECCUBE_BLENDING UNITY_ENABLE_DETAIL_NORMALMAP SHADER_API_DESKTOP UNITY_COLORSPACE_GAMMA UNITY_LIGHT_PROBE_PROXY_VOLUME UNITY_LIGHTMAP_FULL_HDR ok=1
Cmd: compileSnippet
  api=4 type=1 insize=1598 outsize=6762 kw=UNITY_PASS_FORWARDBASE DIRECTIONAL LIGHTPROBE_SH pd=UNITY_ENABLE_REFLECTION_BUFFERS UNITY_USE_DITHER_MASK_FOR_ALPHABLENDED_SHADOWS UNITY_PBS_USE_BRDF1 UNITY_SPECCUBE_BOX_PROJECTION UNITY_SPECCUBE_BLENDING UNITY_ENABLE_DETAIL_NORMALMAP SHADER_API_DESKTOP UNITY_COLORSPACE_GAMMA UNITY_LIGHT_PROBE_PROXY_VOLUME UNITY_LIGHTMAP_FULL_HDR ok=1
Cmd: compileSnippet
  api=4 type=0 insize=1455 outsize=1690 kw=UNITY_PASS_FORWARDADD DIRECTIONAL pd=UNITY_ENABLE_REFLECTION_BUFFERS UNITY_USE_DITHER_MASK_FOR_ALPHABLENDED_SHADOWS UNITY_PBS_USE_BRDF1 UNITY_SPECCUBE_BOX_PROJECTION UNITY_SPECCUBE_BLENDING UNITY_ENABLE_DETAIL_NORMALMAP SHADER_API_DESKTOP UNITY_COLORSPACE_GAMMA UNITY_LIGHT_PROBE_PROXY_VOLUME UNITY_LIGHTMAP_FULL_HDR ok=1
Cmd: compileSnippet
  api=4 type=1 insize=1455 outsize=3346 kw=UNITY_PASS_FORWARDADD DIRECTIONAL pd=UNITY_ENABLE_REFLECTION_BUFFERS UNITY_USE_DITHER_MASK_FOR_ALPHABLENDED_SHADOWS UNITY_PBS_USE_BRDF1 UNITY_SPECCUBE_BOX_PROJECTION UNITY_SPECCUBE_BLENDING UNITY_ENABLE_DETAIL_NORMALMAP SHADER_API_DESKTOP UNITY_COLORSPACE_GAMMA UNITY_LIGHT_PROBE_PROXY_VOLUME UNITY_LIGHTMAP_FULL_HDR ok=1
Cmd: preprocessCompute
  insize=6155 outsize=6157 ok=1
Cmd: compileComputeKernel
  api=4 insize=6157 outsize=1518 ok=1
Cmd: preprocess
  insize=20343 outsize=470 ok=1
Cmd: preprocessCompute
  insize=1893 outsize=1895 ok=1
Cmd: compileComputeKernel
  api=4 insize=1895 outsize=1006 ok=1
Cmd: preprocessCompute
  insize=6371 outsize=6373 ok=1
Cmd: preprocessCompute
  insize=5813 outsize=5815 ok=1
Cmd: preprocess
  insize=22660 outsize=470 ok=1
Cmd: preprocessCompute
  insize=1965 outsize=1967 ok=1
Cmd: preprocessCompute
  insize=6337 outsize=6339 ok=1
Cmd: preprocessCompute
  insize=5813 outsize=5815 ok=1
Cmd: preprocess
  insize=22660 outsize=470 ok=1
Cmd: preprocessCompute
  insize=1965 outsize=1967 ok=1
Cmd: preprocessCompute
  insize=6339 outsize=6341 ok=1
Cmd: compileComputeKernel
  api=4 insize=6341 outsize=2207 ok=1
Cmd: preprocessCompute
  insize=5819 outsize=5821 ok=1
Cmd: compileComputeKernel
  api=4 insize=5821 outsize=1508 ok=1
Cmd: preprocess
  insize=22665 outsize=470 ok=1
Cmd: preprocessCompute
  insize=1966 outsize=1968 ok=1
Cmd: compileComputeKernel
  api=4 insize=1968 outsize=1398 ok=1
Cmd: preprocessCompute
  insize=7293 outsize=7295 ok=1
Cmd: compileComputeKernel
  api=4 insize=7295 outsize=2306 ok=1
Cmd: preprocessCompute
  insize=5819 outsize=5821 ok=1
Cmd: compileComputeKernel
  api=4 insize=5821 outsize=1508 ok=1
Cmd: preprocess
  insize=22959 outsize=469 ok=1
Cmd: preprocessCompute
  insize=1966 outsize=1968 ok=1
Cmd: compileComputeKernel
  api=4 insize=1968 outsize=1398 ok=1
Cmd: preprocessCompute
  insize=6790 outsize=6792 ok=1
Cmd: compileComputeKernel
  api=4 insize=6792 outsize=2270 ok=1
Cmd: preprocessCompute
  insize=5819 outsize=5821 ok=1
Cmd: compileComputeKernel
  api=4 insize=5821 outsize=1508 ok=1
Cmd: preprocess
  insize=22763 outsize=470 ok=1
Cmd: preprocessCompute
  insize=1966 outsize=1968 ok=1
Cmd: compileComputeKernel
  api=4 insize=1968 outsize=1398 ok=1
Cmd: preprocessCompute
  insize=6872 outsize=6874 ok=1
Cmd: compileComputeKernel
  api=4 insize=6874 outsize=2489 ok=1
Cmd: preprocessCompute
  insize=5819 outsize=5821 ok=1
Cmd: preprocess
  insize=22763 outsize=470 ok=1
Cmd: preprocessCompute
  insize=1966 outsize=1968 ok=1
Cmd: preprocessCompute
  insize=7058 outsize=7060 ok=1
Cmd: compileComputeKernel
  api=4 insize=7060 outsize=2545 ok=1
Cmd: preprocessCompute
  insize=6519 outsize=6521 ok=1
Cmd: compileComputeKernel
  api=4 insize=6521 outsize=1651 ok=1
Cmd: preprocess
  insize=22763 outsize=470 ok=1
Cmd: preprocessCompute
  insize=1966 outsize=1968 ok=1
Cmd: compileComputeKernel
  api=4 insize=1968 outsize=1398 ok=1
Cmd: preprocessCompute
  insize=7056 outsize=7058 ok=1
Cmd: compileComputeKernel
  api=4 insize=7058 outsize=2545 ok=1
Cmd: preprocessCompute
  insize=7112 outsize=7114 ok=1
Cmd: compileComputeKernel
  api=4 insize=7114 outsize=1754 ok=1
Cmd: preprocess
  insize=22763 outsize=470 ok=1
Cmd: preprocessCompute
  insize=1966 outsize=1968 ok=1
Cmd: preprocessCompute
  insize=7056 outsize=7058 ok=1
Cmd: preprocessCompute
  insize=7201 outsize=7203 ok=1
Cmd: compileComputeKernel
  api=4 insize=7203 outsize=1879 ok=1
Cmd: preprocess
  insize=22763 outsize=470 ok=1
Cmd: preprocessCompute
  insize=1966 outsize=1968 ok=1
Cmd: preprocessCompute
  insize=7056 outsize=7058 ok=1
Cmd: preprocessCompute
  insize=8433 outsize=8435 ok=1
Cmd: compileComputeKernel
  api=4 insize=8435 outsize=5578 ok=1
Cmd: preprocess
  insize=22763 outsize=470 ok=1
Cmd: preprocessCompute
  insize=1966 outsize=1968 ok=1
Cmd: preprocessCompute
  insize=7056 outsize=7058 ok=1
Cmd: preprocessCompute
  insize=8439 outsize=8441 ok=1
Cmd: compileComputeKernel
  api=4 insize=8441 outsize=8282 ok=1
Cmd: preprocess
  insize=22763 outsize=470 ok=1
Cmd: preprocessCompute
  insize=1966 outsize=1968 ok=1
Cmd: preprocessCompute
  insize=7058 outsize=7060 ok=1
Cmd: compileComputeKernel
  api=4 insize=7060 outsize=2577 ok=1
Cmd: preprocessCompute
  insize=8447 outsize=8449 ok=1
Cmd: compileComputeKernel
  api=4 insize=8449 outsize=8266 ok=1
Cmd: preprocess
  insize=23117 outsize=470 ok=1
Cmd: preprocessCompute
  insize=1966 outsize=1968 ok=1
Cmd: compileComputeKernel
  api=4 insize=1968 outsize=1398 ok=1
Cmd: preprocessCompute
  insize=7058 outsize=7060 ok=1
Cmd: preprocessCompute
  insize=8447 outsize=8449 ok=1
Cmd: preprocess
  insize=23605 outsize=470 ok=1
Cmd: preprocessCompute
  insize=1966 outsize=1968 ok=1
Cmd: preprocessCompute
  insize=7058 outsize=7060 ok=1
Cmd: preprocessCompute
  insize=8447 outsize=8449 ok=1
Cmd: preprocess
  insize=23114 outsize=470 ok=1
Cmd: preprocessCompute
  insize=1966 outsize=1968 ok=1
Cmd: preprocessCompute
  insize=7058 outsize=7060 ok=1
Cmd: preprocessCompute
  insize=8447 outsize=8449 ok=1
Cmd: preprocess
  insize=23114 outsize=470 ok=1
Cmd: preprocessCompute
  insize=1966 outsize=1968 ok=1
Cmd: preprocessCompute
  insize=7058 outsize=7060 ok=1
Cmd: preprocessCompute
  insize=8447 outsize=8449 ok=1
Cmd: preprocess
  insize=23365 outsize=470 ok=1
Cmd: preprocessCompute
  insize=1966 outsize=1968 ok=1
Cmd: preprocessCompute
  insize=7058 outsize=7060 ok=1
Cmd: preprocessCompute
  insize=8447 outsize=8449 ok=1
Cmd: preprocess
  insize=24330 outsize=470 ok=1
Cmd: preprocessCompute
  insize=1966 outsize=1968 ok=1
Cmd: preprocessCompute
  insize=7058 outsize=7060 ok=1
Cmd: preprocessCompute
  insize=8447 outsize=8449 ok=1
Cmd: preprocess
  insize=23750 outsize=468 ok=1
Cmd: preprocessCompute
  insize=1966 outsize=1968 ok=1
Cmd: preprocessCompute
  insize=7058 outsize=7060 ok=1
Cmd: preprocessCompute
  insize=8447 outsize=8449 ok=1
Cmd: preprocess
  insize=24325 outsize=470 ok=1
Cmd: preprocessCompute
  insize=1966 outsize=1968 ok=1
Cmd: preprocessCompute
  insize=7058 outsize=7060 ok=1
Cmd: preprocessCompute
  insize=8447 outsize=8449 ok=1
Cmd: preprocess
  insize=24325 outsize=470 ok=1
Cmd: preprocessCompute
  insize=1966 outsize=1968 ok=1
Cmd: preprocessCompute
  insize=7058 outsize=7060 ok=1
Cmd: preprocessCompute
  insize=8447 outsize=8449 ok=1
Cmd: preprocess
  insize=24325 outsize=470 ok=1
Cmd: preprocessCompute
  insize=1966 outsize=1968 ok=1
Cmd: preprocessCompute
  insize=7058 outsize=7060 ok=1
Cmd: preprocessCompute
  insize=8447 outsize=8449 ok=1
Cmd: preprocess
  insize=24325 outsize=470 ok=1
Cmd: preprocessCompute
  insize=1966 outsize=1968 ok=1
Cmd: preprocessCompute
  insize=7058 outsize=7060 ok=1
Cmd: preprocessCompute
  insize=8447 outsize=8449 ok=1
Cmd: preprocess
  insize=24325 outsize=470 ok=1
Cmd: preprocessCompute
  insize=1966 outsize=1968 ok=1
Cmd: preprocessCompute
  insize=7058 outsize=7060 ok=1
Cmd: preprocessCompute
  insize=8447 outsize=8449 ok=1
Cmd: preprocess
  insize=23750 outsize=468 ok=1
Cmd: preprocessCompute
  insize=1966 outsize=1968 ok=1
Cmd: preprocessCompute
  insize=7058 outsize=7060 ok=1
Cmd: preprocessCompute
  insize=8447 outsize=8449 ok=1
Cmd: preprocess
  insize=24325 outsize=470 ok=1
Cmd: preprocessCompute
  insize=1966 outsize=1968 ok=1
Cmd: preprocessCompute
  insize=7058 outsize=7060 ok=1
Cmd: preprocessCompute
  insize=8447 outsize=8449 ok=1
Cmd: preprocess
  insize=24587 outsize=470 ok=1
Cmd: preprocessCompute
  insize=1966 outsize=1968 ok=1
Cmd: compileSnippet
  api=4 type=0 insize=24454 outsize=5366 kw=UNITY_PASS_FORWARDBASE pd=UNITY_ENABLE_REFLECTION_BUFFERS UNITY_USE_DITHER_MASK_FOR_ALPHABLENDED_SHADOWS UNITY_PBS_USE_BRDF1 UNITY_SPECCUBE_BOX_PROJECTION UNITY_SPECCUBE_BLENDING UNITY_ENABLE_DETAIL_NORMALMAP SHADER_API_DESKTOP UNITY_COLORSPACE_GAMMA UNITY_LIGHT_PROBE_PROXY_VOLUME UNITY_LIGHTMAP_FULL_HDR ok=1
Cmd: compileSnippet
  api=4 type=1 insize=24454 outsize=574 kw=UNITY_PASS_FORWARDBASE pd=UNITY_ENABLE_REFLECTION_BUFFERS UNITY_USE_DITHER_MASK_FOR_ALPHABLENDED_SHADOWS UNITY_PBS_USE_BRDF1 UNITY_SPECCUBE_BOX_PROJECTION UNITY_SPECCUBE_BLENDING UNITY_ENABLE_DETAIL_NORMALMAP SHADER_API_DESKTOP UNITY_COLORSPACE_GAMMA UNITY_LIGHT_PROBE_PROXY_VOLUME UNITY_LIGHTMAP_FULL_HDR ok=1
Cmd: preprocessCompute
  insize=7058 outsize=7060 ok=1
Cmd: preprocessCompute
  insize=8447 outsize=8449 ok=1
Cmd: preprocess
  insize=24587 outsize=470 ok=1
Cmd: preprocessCompute
  insize=1966 outsize=1968 ok=1
Cmd: preprocessCompute
  insize=7058 outsize=7060 ok=1
Cmd: preprocessCompute
  insize=8447 outsize=8449 ok=1
Cmd: preprocess
  insize=24587 outsize=470 ok=1
Cmd: preprocessCompute
  insize=1966 outsize=1968 ok=1
Cmd: preprocessCompute
  insize=7058 outsize=7060 ok=1
Cmd: preprocessCompute
  insize=8447 outsize=8449 ok=1
Cmd: preprocess
  insize=24587 outsize=470 ok=1
Cmd: preprocessCompute
  insize=1966 outsize=1968 ok=1
Cmd: preprocessCompute
  insize=7058 outsize=7060 ok=1
Cmd: preprocessCompute
  insize=8447 outsize=8449 ok=1
Cmd: preprocess
  insize=24587 outsize=470 ok=1
Cmd: preprocessCompute
  insize=1966 outsize=1968 ok=1
Cmd: preprocessCompute
  insize=7058 outsize=7060 ok=1
Cmd: preprocessCompute
  insize=8447 outsize=8449 ok=1
Cmd: preprocess
  insize=24587 outsize=470 ok=1
Cmd: preprocessCompute
  insize=1966 outsize=1968 ok=1
Cmd: preprocessCompute
  insize=7058 outsize=7060 ok=1
Cmd: preprocessCompute
  insize=8447 outsize=8449 ok=1
Cmd: preprocess
  insize=24587 outsize=470 ok=1
Cmd: preprocessCompute
  insize=1966 outsize=1968 ok=1
Cmd: preprocessCompute
  insize=7058 outsize=7060 ok=1
Cmd: preprocessCompute
  insize=8447 outsize=8449 ok=1
Cmd: preprocess
  insize=24587 outsize=470 ok=1
Cmd: preprocessCompute
  insize=1966 outsize=1968 ok=1
Cmd: preprocessCompute
  insize=7058 outsize=7060 ok=1
Cmd: preprocessCompute
  insize=8447 outsize=8449 ok=1
Cmd: preprocess
  insize=24587 outsize=470 ok=1
Cmd: preprocessCompute
  insize=1966 outsize=1968 ok=1
Cmd: preprocessCompute
  insize=7058 outsize=7060 ok=1
Cmd: preprocessCompute
  insize=8447 outsize=8449 ok=1
Cmd: preprocess
  insize=24587 outsize=470 ok=1
Cmd: preprocessCompute
  insize=1966 outsize=1968 ok=1
